<?xml version="1.0" encoding="UTF-8"?>
<!-- Generated by org.testng.reporters.JUnitReportReporter -->
<testsuite hostname="TVMATP449200L" failures="0" tests="1" name="CoPla.Test.tc_8" time="37.341" errors="0" timestamp="2021-12-21T18:26:11 IST" skipped="0">
  <testcase classname="CoPla.Test.tc_8" name="loginTest" time="37.341"/>
  <system-out/>
</testsuite> <!-- CoPla.Test.tc_8 -->
